c:\program files (x86)\steam\gameoverlayrenderer.log
c:\users\johan\source\repos\scanner\x64\debug\vc142.pdb
c:\users\johan\source\repos\scanner\x64\debug\vc142.idb
c:\users\johan\source\repos\scanner\x64\debug\grab.obj
c:\users\johan\source\repos\scanner\x64\debug\scanner.exe
c:\users\johan\source\repos\scanner\x64\debug\scanner.ilk
c:\users\johan\source\repos\scanner\x64\debug\scanner.pdb
c:\users\johan\source\repos\scanner\x64\release\scanner.ipdb
c:\users\johan\source\repos\scanner\x64\release\scanner.iobj
c:\users\johan\source\repos\scanner\x64\debug\scanner.ipdb
c:\users\johan\source\repos\scanner\x64\debug\scanner.iobj
c:\users\dajo\projects\scanner\x64\debug\grab.obj
c:\users\dajo\projects\scanner\x64\debug\scanner.ilk
c:\users\dajo\projects\scanner\x64\debug\scanner.ipdb
c:\users\dajo\projects\scanner\x64\debug\scanner.iobj
c:\users\dajo\projects\scanner\x64\debug\vc142.idb
c:\users\dajo\projects\scanner\x64\debug\scanner.pdb
c:\users\dajo\projects\scanner\x64\debug\vc142.pdb
c:\users\dajo\projects\scanner\x64\debug\scanner.exe
c:\users\dajo\projects\scanner\x64\debug\scanner.tlog\cl.command.1.tlog
c:\users\dajo\projects\scanner\x64\debug\scanner.tlog\cl.read.1.tlog
c:\users\dajo\projects\scanner\x64\debug\scanner.tlog\cl.write.1.tlog
c:\users\dajo\projects\scanner\x64\debug\scanner.tlog\link.command.1.tlog
c:\users\dajo\projects\scanner\x64\debug\scanner.tlog\link.read.1.tlog
c:\users\dajo\projects\scanner\x64\debug\scanner.tlog\link.write.1.tlog
c:\users\dajo\projects\scanner\x64\debug\scanner.tlog\scanner.write.1u.tlog
